Exporter version: 6.1.2, Blender version: 2.80 (sub 75)
========= Conversion from Blender to Babylon.js =========
	Scene settings used :
		inline textures     :  false
		Material Type       :  PBR
		Positions Precision :  4
		Normals Precision   :  3
		UVs Precision       :  3
		Vert Color Precision:  3
		Mat Weight Precision:  2
		texture directory   :  /home/giuppo/Desktop/finalproject-romeigdevteam/www/babylonjs/scenes/factoryBab/
	Python World class constructor completed
	WARNING: No active camera has been assigned, or is not in a currently selected Blender layer
	processing begun of mesh:  TheFactory
		processing begun of material:  FactoryDetails
		processing begun of material:  FactoryMainDoor
		processing begun of material:  FactoryPath
		processing begun of material:  FactoryGlass
		processing begun of material:  FactorySigns
		processing begun of material:  FactoryPanels4
		processing begun of material:  FactoryFrame
		processing begun of material:  FactoryPanels3
		processing begun of material:  FactoryBrick1
		processing begun of material:  FactoryBrick2
		processing begun of material:  FactoryPanels2
		processing begun of material:  FactoryPanels1
		processing begun of material:  FactoryRoofs
		processing begun of material:  FactoryInteriorWalls
			processing texture FactoryDetailsGlass
				texture type:  diffuseTexture, mapped using: "UVMap"
			processing texture FactoryFrontDoor
				texture type:  diffuseTexture, mapped using: "UVMap"
			processing texture FactoryPath
				texture type:  diffuseTexture, mapped using: "UVMap"
			processing texture FactorySigns
				texture type:  diffuseTexture, mapped using: "UVMap"
			processing texture FactoryPanels
				texture type:  diffuseTexture, mapped using: "UVMap"
			processing texture FactoryPanels
				texture type:  diffuseTexture, mapped using: "UVMap"
			processing texture FactoryPanels
				texture type:  diffuseTexture, mapped using: "UVMap"
			processing texture FactoryBrick1Bump
				texture type:  bumpTexture, mapped using: "UVMap"
			processing texture FactoryBrick1
				texture type:  diffuseTexture, mapped using: "UVMap"
			processing texture FactoryBrick1Bump
				texture type:  bumpTexture, mapped using: "UVMap"
			processing texture FactoryBrick2
				texture type:  diffuseTexture, mapped using: "UVMap"
			processing texture FactoryPanels
				texture type:  diffuseTexture, mapped using: "UVMap"
			processing texture FactoryPanels
				texture type:  diffuseTexture, mapped using: "UVMap"
			processing texture FactoryRoofs
				texture type:  diffuseTexture, mapped using: "UVMap"
			processing texture FactoryInteriorWalls
				texture type:  diffuseTexture, mapped using: "UVMap"
		processing begun of multimaterial:  factory.Multimaterial#0
		num positions      :  19873
		num normals        :  19873
		num tangents       :  0
		num uvs            :  39746
		num uvs2           :  0
		num colors         :  0
		num indices        :  33210
========= Writing of JSON file started =========
========= Writing of JSON file completed =========
========= end of processing =========
elapsed time:  0 min, 4.1408 secs
