Exporter version: 6.1.2, Blender version: 2.80 (sub 75)
========= Conversion from Blender to Babylon.js =========
	Scene settings used :
		inline textures     :  false
		Material Type       :  PBR
		Positions Precision :  4
		Normals Precision   :  3
		UVs Precision       :  3
		Vert Color Precision:  3
		Mat Weight Precision:  2
		texture directory   :  /home/giuppo/Desktop/finalproject-romeigdevteam/www/babylonjs/scenes/4factories/
	Python World class constructor completed
	processing begun of camera (UniversalCamera):  Camera
	processing begun of mesh:  TheFactory
		processing begun of material:  FactoryDetails
		processing begun of material:  FactoryMainDoor
		processing begun of material:  FactoryPath
		processing begun of material:  FactoryGlass
		processing begun of material:  FactorySigns
		processing begun of material:  FactoryPanels4
		processing begun of material:  FactoryFrame
		processing begun of material:  FactoryPanels3
		processing begun of material:  FactoryBrick1
		processing begun of material:  FactoryBrick2
		processing begun of material:  FactoryPanels2
		processing begun of material:  FactoryPanels1
		processing begun of material:  FactoryRoofs
		processing begun of material:  FactoryInteriorWalls
			processing texture FactoryDetailsGlass
				texture type:  diffuseTexture, mapped using: "UVMap"
			processing texture FactoryFrontDoor
				texture type:  diffuseTexture, mapped using: "UVMap"
			processing texture FactoryPath
				texture type:  diffuseTexture, mapped using: "UVMap"
			processing texture FactorySigns
				texture type:  diffuseTexture, mapped using: "UVMap"
			processing texture FactoryPanels
				texture type:  diffuseTexture, mapped using: "UVMap"
			processing texture FactoryPanels
				texture type:  diffuseTexture, mapped using: "UVMap"
			processing texture FactoryPanels
				texture type:  diffuseTexture, mapped using: "UVMap"
			processing texture FactoryBrick1Bump
				texture type:  bumpTexture, mapped using: "UVMap"
			processing texture FactoryBrick1
				texture type:  diffuseTexture, mapped using: "UVMap"
			processing texture FactoryBrick1Bump
				texture type:  bumpTexture, mapped using: "UVMap"
			processing texture FactoryBrick2
				texture type:  diffuseTexture, mapped using: "UVMap"
			processing texture FactoryPanels
				texture type:  diffuseTexture, mapped using: "UVMap"
			processing texture FactoryPanels
				texture type:  diffuseTexture, mapped using: "UVMap"
			processing texture FactoryRoofs
				texture type:  diffuseTexture, mapped using: "UVMap"
			processing texture FactoryInteriorWalls
				texture type:  diffuseTexture, mapped using: "UVMap"
		processing begun of multimaterial:  factory_4.Multimaterial#0
		num positions      :  19873
		num normals        :  19873
		num tangents       :  0
		num uvs            :  39746
		num uvs2           :  0
		num colors         :  0
		num indices        :  33210
	processing begun of mesh:  TheFactory.001
		processing begun of material:  FactoryDetails.001
		processing begun of material:  FactoryMainDoor.001
		processing begun of material:  FactoryPath.001
		processing begun of material:  FactoryGlass.001
		processing begun of material:  FactorySigns.001
		processing begun of material:  FactoryPanels4.001
		processing begun of material:  FactoryFrame.001
		processing begun of material:  FactoryPanels3.001
		processing begun of material:  FactoryBrick1.001
		processing begun of material:  FactoryBrick2.001
		processing begun of material:  FactoryPanels2.001
		processing begun of material:  FactoryPanels1.001
		processing begun of material:  FactoryRoofs.001
		processing begun of material:  FactoryInteriorWalls.001
			processing texture FactoryDetailsGlass
				texture type:  diffuseTexture, mapped using: "UVMap"
			processing texture FactoryFrontDoor
				texture type:  diffuseTexture, mapped using: "UVMap"
			processing texture FactoryPath
				texture type:  diffuseTexture, mapped using: "UVMap"
			processing texture FactorySigns
				texture type:  diffuseTexture, mapped using: "UVMap"
			processing texture FactoryPanels
				texture type:  diffuseTexture, mapped using: "UVMap"
			processing texture FactoryPanels
				texture type:  diffuseTexture, mapped using: "UVMap"
			processing texture FactoryPanels
				texture type:  diffuseTexture, mapped using: "UVMap"
			processing texture FactoryBrick1Bump
				texture type:  bumpTexture, mapped using: "UVMap"
			processing texture FactoryBrick1
				texture type:  diffuseTexture, mapped using: "UVMap"
			processing texture FactoryBrick1Bump
				texture type:  bumpTexture, mapped using: "UVMap"
			processing texture FactoryBrick2
				texture type:  diffuseTexture, mapped using: "UVMap"
			processing texture FactoryPanels
				texture type:  diffuseTexture, mapped using: "UVMap"
			processing texture FactoryPanels
				texture type:  diffuseTexture, mapped using: "UVMap"
			processing texture FactoryRoofs
				texture type:  diffuseTexture, mapped using: "UVMap"
			processing texture FactoryInteriorWalls
				texture type:  diffuseTexture, mapped using: "UVMap"
		processing begun of multimaterial:  factory_4.Multimaterial#1
		num positions      :  39732
		num normals        :  39732
		num tangents       :  0
		num uvs            :  79464
		num uvs2           :  0
		num colors         :  0
		num indices        :  66420
	processing begun of mesh:  TheFactory.003
		processing begun of material:  FactoryDetails.003
		processing begun of material:  FactoryMainDoor.003
		processing begun of material:  FactoryPath.003
		processing begun of material:  FactoryGlass.003
		processing begun of material:  FactorySigns.003
		processing begun of material:  FactoryPanels4.003
		processing begun of material:  FactoryFrame.003
		processing begun of material:  FactoryPanels3.003
		processing begun of material:  FactoryBrick1.003
		processing begun of material:  FactoryBrick2.003
		processing begun of material:  FactoryPanels2.003
		processing begun of material:  FactoryPanels1.003
		processing begun of material:  FactoryRoofs.003
		processing begun of material:  FactoryInteriorWalls.003
			processing texture FactoryDetailsGlass
				texture type:  diffuseTexture, mapped using: "UVMap"
			processing texture FactoryFrontDoor
				texture type:  diffuseTexture, mapped using: "UVMap"
			processing texture FactoryPath
				texture type:  diffuseTexture, mapped using: "UVMap"
			processing texture FactorySigns
				texture type:  diffuseTexture, mapped using: "UVMap"
			processing texture FactoryPanels
				texture type:  diffuseTexture, mapped using: "UVMap"
			processing texture FactoryPanels
				texture type:  diffuseTexture, mapped using: "UVMap"
			processing texture FactoryPanels
				texture type:  diffuseTexture, mapped using: "UVMap"
			processing texture FactoryBrick1Bump
				texture type:  bumpTexture, mapped using: "UVMap"
			processing texture FactoryBrick1
				texture type:  diffuseTexture, mapped using: "UVMap"
			processing texture FactoryBrick1Bump
				texture type:  bumpTexture, mapped using: "UVMap"
			processing texture FactoryBrick2
				texture type:  diffuseTexture, mapped using: "UVMap"
			processing texture FactoryPanels
				texture type:  diffuseTexture, mapped using: "UVMap"
			processing texture FactoryPanels
				texture type:  diffuseTexture, mapped using: "UVMap"
			processing texture FactoryRoofs
				texture type:  diffuseTexture, mapped using: "UVMap"
			processing texture FactoryInteriorWalls
				texture type:  diffuseTexture, mapped using: "UVMap"
		processing begun of multimaterial:  factory_4.Multimaterial#2
		num positions      :  19873
		num normals        :  19873
		num tangents       :  0
		num uvs            :  39746
		num uvs2           :  0
		num colors         :  0
		num indices        :  33210
	processing begun of mesh:  TheFactory.002
		processing begun of material:  FactoryDetails.004
		processing begun of material:  FactoryMainDoor.004
		processing begun of material:  FactoryPath.004
		processing begun of material:  FactoryGlass.004
		processing begun of material:  FactorySigns.004
		processing begun of material:  FactoryPanels4.004
		processing begun of material:  FactoryFrame.004
		processing begun of material:  FactoryPanels3.004
		processing begun of material:  FactoryBrick1.004
		processing begun of material:  FactoryBrick2.004
		processing begun of material:  FactoryPanels2.004
		processing begun of material:  FactoryPanels1.004
		processing begun of material:  FactoryRoofs.004
		processing begun of material:  FactoryInteriorWalls.004
			processing texture FactoryDetailsGlass
				texture type:  diffuseTexture, mapped using: "UVMap"
			processing texture FactoryFrontDoor
				texture type:  diffuseTexture, mapped using: "UVMap"
			processing texture FactoryPath
				texture type:  diffuseTexture, mapped using: "UVMap"
			processing texture FactorySigns
				texture type:  diffuseTexture, mapped using: "UVMap"
			processing texture FactoryPanels
				texture type:  diffuseTexture, mapped using: "UVMap"
			processing texture FactoryPanels
				texture type:  diffuseTexture, mapped using: "UVMap"
			processing texture FactoryPanels
				texture type:  diffuseTexture, mapped using: "UVMap"
			processing texture FactoryBrick1Bump
				texture type:  bumpTexture, mapped using: "UVMap"
			processing texture FactoryBrick1
				texture type:  diffuseTexture, mapped using: "UVMap"
			processing texture FactoryBrick1Bump
				texture type:  bumpTexture, mapped using: "UVMap"
			processing texture FactoryBrick2
				texture type:  diffuseTexture, mapped using: "UVMap"
			processing texture FactoryPanels
				texture type:  diffuseTexture, mapped using: "UVMap"
			processing texture FactoryPanels
				texture type:  diffuseTexture, mapped using: "UVMap"
			processing texture FactoryRoofs
				texture type:  diffuseTexture, mapped using: "UVMap"
			processing texture FactoryInteriorWalls
				texture type:  diffuseTexture, mapped using: "UVMap"
		processing begun of multimaterial:  factory_4.Multimaterial#3
		num positions      :  19873
		num normals        :  19873
		num tangents       :  0
		num uvs            :  39746
		num uvs2           :  0
		num colors         :  0
		num indices        :  33210
	processing begun of light (POINT):  Light
========= Writing of JSON file started =========
========= Writing of JSON file completed =========
========= end of processing =========
elapsed time:  0 min, 6.4443 secs
